<?xml version="1.0" encoding="UTF-8" ?>
<testsuite tests="15" failures="0" name="es.uma.informatica.sii.ejb.practica.SampleTest" time="34.049" errors="0" skipped="0">
  <properties>
[...]
</properties>
  <testcase classname="es.uma.informatica.sii.ejb.practica.SampleTest" name="testInsertarLote" time="2.448"/>
  <testcase classname="es.uma.informatica.sii.ejb.practica.SampleTest" name="testInsertarLoteExistente" time="2.277"/>
  <testcase classname="es.uma.informatica.sii.ejb.practica.SampleTest" name="testEliminarLoteProductoNoEncontrado" time="2.293"/>
  <testcase classname="es.uma.informatica.sii.ejb.practica.SampleTest" name="testActualizarLote" time="2.208"/>
  <testcase classname="es.uma.informatica.sii.ejb.practica.SampleTest" name="testEliminarLoteNoEncontrado" time="2.302"/>
  <testcase classname="es.uma.informatica.sii.ejb.practica.SampleTest" name="testObtenerLotesProductoNoEncontrado" time="2.223"/>
  <testcase classname="es.uma.informatica.sii.ejb.practica.SampleTest" name="testActualizarLoteIngredientesIncorrectos" time="2.246"/>
  <testcase classname="es.uma.informatica.sii.ejb.practica.SampleTest" name="testActualizarLoteoNoEncontrado" time="2.24"/>
  <testcase classname="es.uma.informatica.sii.ejb.practica.SampleTest" name="testActualizarLoteProductoNoEncontrado" time="2.243"/>
  <testcase classname="es.uma.informatica.sii.ejb.practica.SampleTest" name="testObtenerLotes" time="2.282"/>
  <testcase classname="es.uma.informatica.sii.ejb.practica.SampleTest" name="testEliminarTodosLotes" time="2.305"/>
  <testcase classname="es.uma.informatica.sii.ejb.practica.SampleTest" name="testInsertarLoteIngredientesIncorrectos" time="2.148"/>
  <testcase classname="es.uma.informatica.sii.ejb.practica.SampleTest" name="testEliminarLote" time="2.29"/>
  <testcase classname="es.uma.informatica.sii.ejb.practica.SampleTest" name="testInsertarLoteProductoNoEncontrado" time="2.257"/>
  <testcase classname="es.uma.informatica.sii.ejb.practica.SampleTest" name="testEliminarTodosLotesProductoNoEncontrado" time="2.287"/>
</testsuite>